Added Component: Designator=C1(RAD-0.3)
Add component. Clean all parameters for all variants
Add component (AddParameter): Name = "LatestRevisionDate"; Value = "17-Jul-2002"; VariantName = "[No Variations]"
Add component (AddParameter): Name = "LatestRevisionNote"; Value = "Re-released for DXP Platform."; VariantName = "[No Variations]"
Add component (AddParameter): Name = "PackageDescription"; Value = "Radial Cap, Thru-Hole; 2 Leads; 0.3 in Pin Spacing"; VariantName = "[No Variations]"
Add component (AddParameter): Name = "PackageReference"; Value = "RAD-0.3"; VariantName = "[No Variations]"
Add component (AddParameter): Name = "Published"; Value = "8-Jun-2000"; VariantName = "[No Variations]"
Add component (AddParameter): Name = "Publisher"; Value = "Altium Limited"; VariantName = "[No Variations]"
Add component (AddParameter): Name = "Value"; Value = "22pF"; VariantName = "[No Variations]"
Added Component: Designator=C2(RAD-0.3)
Add component. Clean all parameters for all variants
Add component (AddParameter): Name = "LatestRevisionDate"; Value = "17-Jul-2002"; VariantName = "[No Variations]"
Add component (AddParameter): Name = "LatestRevisionNote"; Value = "Re-released for DXP Platform."; VariantName = "[No Variations]"
Add component (AddParameter): Name = "PackageDescription"; Value = "Radial Cap, Thru-Hole; 2 Leads; 0.3 in Pin Spacing"; VariantName = "[No Variations]"
Add component (AddParameter): Name = "PackageReference"; Value = "RAD-0.3"; VariantName = "[No Variations]"
Add component (AddParameter): Name = "Published"; Value = "8-Jun-2000"; VariantName = "[No Variations]"
Add component (AddParameter): Name = "Publisher"; Value = "Altium Limited"; VariantName = "[No Variations]"
Add component (AddParameter): Name = "Value"; Value = "22pF"; VariantName = "[No Variations]"
Added Component: Designator=C3(POLAR0.8)
Add component. Clean all parameters for all variants
Add component (AddParameter): Name = "LatestRevisionDate"; Value = "17-Jul-2002"; VariantName = "[No Variations]"
Add component (AddParameter): Name = "LatestRevisionNote"; Value = "Re-released for DXP Platform."; VariantName = "[No Variations]"
Add component (AddParameter): Name = "PackageDescription"; Value = "Polarized Capacitor; 2 Leads"; VariantName = "[No Variations]"
Add component (AddParameter): Name = "PackageReference"; Value = "POLAR0.8"; VariantName = "[No Variations]"
Add component (AddParameter): Name = "Published"; Value = "8-Jun-2000"; VariantName = "[No Variations]"
Add component (AddParameter): Name = "Publisher"; Value = "Altium Limited"; VariantName = "[No Variations]"
Add component (AddParameter): Name = "Value"; Value = "100pF"; VariantName = "[No Variations]"
Added Component: Designator=P1(HDR2X18)
Add component. Clean all parameters for all variants
Add component (AddParameter): Name = "LatestRevisionDate"; Value = "17-Jul-2002"; VariantName = "[No Variations]"
Add component (AddParameter): Name = "LatestRevisionNote"; Value = "Re-released for DXP Platform."; VariantName = "[No Variations]"
Add component (AddParameter): Name = "Publisher"; Value = "Altium Limited"; VariantName = "[No Variations]"
Added Component: Designator=P2(HDR1X8)
Add component. Clean all parameters for all variants
Add component (AddParameter): Name = "LatestRevisionDate"; Value = "17-Jul-2002"; VariantName = "[No Variations]"
Add component (AddParameter): Name = "LatestRevisionNote"; Value = "Re-released for DXP Platform."; VariantName = "[No Variations]"
Add component (AddParameter): Name = "Publisher"; Value = "Altium Limited"; VariantName = "[No Variations]"
Added Component: Designator=P3(HDR1X8)
Add component. Clean all parameters for all variants
Add component (AddParameter): Name = "LatestRevisionDate"; Value = "17-Jul-2002"; VariantName = "[No Variations]"
Add component (AddParameter): Name = "LatestRevisionNote"; Value = "Re-released for DXP Platform."; VariantName = "[No Variations]"
Add component (AddParameter): Name = "Publisher"; Value = "Altium Limited"; VariantName = "[No Variations]"
Added Component: Designator=P4(HDR1X8)
Add component. Clean all parameters for all variants
Add component (AddParameter): Name = "LatestRevisionDate"; Value = "17-Jul-2002"; VariantName = "[No Variations]"
Add component (AddParameter): Name = "LatestRevisionNote"; Value = "Re-released for DXP Platform."; VariantName = "[No Variations]"
Add component (AddParameter): Name = "Publisher"; Value = "Altium Limited"; VariantName = "[No Variations]"
Added Component: Designator=P5(HDR1X8)
Add component. Clean all parameters for all variants
Add component (AddParameter): Name = "LatestRevisionDate"; Value = "17-Jul-2002"; VariantName = "[No Variations]"
Add component (AddParameter): Name = "LatestRevisionNote"; Value = "Re-released for DXP Platform."; VariantName = "[No Variations]"
Add component (AddParameter): Name = "Publisher"; Value = "Altium Limited"; VariantName = "[No Variations]"
Added Component: Designator=P6(HDR1X6)
Add component. Clean all parameters for all variants
Add component (AddParameter): Name = "LatestRevisionDate"; Value = "17-Jul-2002"; VariantName = "[No Variations]"
Add component (AddParameter): Name = "LatestRevisionNote"; Value = "Re-released for DXP Platform."; VariantName = "[No Variations]"
Add component (AddParameter): Name = "Publisher"; Value = "Altium Limited"; VariantName = "[No Variations]"
Added Component: Designator=R1(AXIAL-0.3)
Add component. Clean all parameters for all variants
Add component (AddParameter): Name = "LatestRevisionDate"; Value = "17-Jul-2002"; VariantName = "[No Variations]"
Add component (AddParameter): Name = "LatestRevisionNote"; Value = "Re-released for DXP Platform."; VariantName = "[No Variations]"
Add component (AddParameter): Name = "PackageDescription"; Value = "Axial Device, Thru-Hole; 2 Leads; 0.3 in Pin Spacing"; VariantName = "[No Variations]"
Add component (AddParameter): Name = "PackageReference"; Value = "AXIAL-0.3"; VariantName = "[No Variations]"
Add component (AddParameter): Name = "Published"; Value = "8-Jun-2000"; VariantName = "[No Variations]"
Add component (AddParameter): Name = "Publisher"; Value = "Altium Limited"; VariantName = "[No Variations]"
Add component (AddParameter): Name = "Value"; Value = "1K"; VariantName = "[No Variations]"
Added Component: Designator=R2(AXIAL-0.3)
Add component. Clean all parameters for all variants
Add component (AddParameter): Name = "LatestRevisionDate"; Value = "17-Jul-2002"; VariantName = "[No Variations]"
Add component (AddParameter): Name = "LatestRevisionNote"; Value = "Re-released for DXP Platform."; VariantName = "[No Variations]"
Add component (AddParameter): Name = "PackageDescription"; Value = "Axial Device, Thru-Hole; 2 Leads; 0.3 in Pin Spacing"; VariantName = "[No Variations]"
Add component (AddParameter): Name = "PackageReference"; Value = "AXIAL-0.3"; VariantName = "[No Variations]"
Add component (AddParameter): Name = "Published"; Value = "8-Jun-2000"; VariantName = "[No Variations]"
Add component (AddParameter): Name = "Publisher"; Value = "Altium Limited"; VariantName = "[No Variations]"
Add component (AddParameter): Name = "Value"; Value = "1K"; VariantName = "[No Variations]"
Added Component: Designator=SW1(SW1-DIP)
Add component. Clean all parameters for all variants
Add component (AddParameter): Name = "Value"; Value = "SW chip 2 pin"; VariantName = "[No Variations]"
Added Component: Designator=U1(BGA100)
Add component. Clean all parameters for all variants
Add component (AddParameter): Name = "ComponentLink1Description"; Value = "Manufacturer Link"; VariantName = "[No Variations]"
Add component (AddParameter): Name = "ComponentLink1URL"; Value = "http://www.atmel.com/products/avr/default.asp?"; VariantName = "[No Variations]"
Add component (AddParameter): Name = "ComponentLink2Description"; Value = "ATmega640/1280/1281/2560/2561 Datasheet"; VariantName = "[No Variations]"
Add component (AddParameter): Name = "ComponentLink2URL"; Value = "http://www.atmel.com/dyn/resources/prod_documents/doc2549.pdf"; VariantName = "[No Variations]"
Add component (AddParameter): Name = "ComponentLink3Description"; Value = "ATmega640/1280/1281/2560/2561 Summary"; VariantName = "[No Variations]"
Add component (AddParameter): Name = "ComponentLink3URL"; Value = "http://www.atmel.com/dyn/resources/prod_documents/2549S.pdf"; VariantName = "[No Variations]"
Add component (AddParameter): Name = "ComponentLink4Description"; Value = "Atmel.com Home"; VariantName = "[No Variations]"
Add component (AddParameter): Name = "ComponentLink4URL"; Value = "http://www.atmel.com"; VariantName = "[No Variations]"
Add component (AddParameter): Name = "DatasheetVersion"; Value = "revL, Aug-2007"; VariantName = "[No Variations]"
Add component (AddParameter): Name = "PackageDescription"; Value = "100-Ball Chip Array BGA Package (CBGA), 9 x 9 x1.2 mm Body, 0.80 mm Pitch"; VariantName = "[No Variations]"
Add component (AddParameter): Name = "PackageReference"; Value = "100C1"; VariantName = "[No Variations]"
Add component (AddParameter): Name = "PackageVersion"; Value = "revA, May-2006"; VariantName = "[No Variations]"
Add component (AddParameter): Name = "Published"; Value = "1-Apr-2010"; VariantName = "[No Variations]"
Add component (AddParameter): Name = "Publisher"; Value = "Altium Limited"; VariantName = "[No Variations]"
Add component (AddParameter): Name = "Supplier 1"; Value = "Digi-Key"; VariantName = "[No Variations]"
Add component (AddParameter): Name = "Supplier 2"; Value = "Mouser"; VariantName = "[No Variations]"
Add component (AddParameter): Name = "Supplier Part Number 1"; Value = "ATMEGA2560-16CU-ND"; VariantName = "[No Variations]"
Add component (AddParameter): Name = "Supplier Part Number 2"; Value = "556-ATMEGA2560-16CU"; VariantName = "[No Variations]"
Added Component: Designator=U2(*TO220)
Add component. Clean all parameters for all variants
Add component (AddParameter): Name = "Availability"; Value = "Unavailable"; VariantName = "[No Variations]"
Add component (AddParameter): Name = "MF"; Value = "Texas Instruments"; VariantName = "[No Variations]"
Add component (AddParameter): Name = "MP"; Value = "LM7805"; VariantName = "[No Variations]"
Add component (AddParameter): Name = "Package"; Value = "TO-220 Texas Instruments"; VariantName = "[No Variations]"
Add component (AddParameter): Name = "Price"; Value = "None"; VariantName = "[No Variations]"
Add component (AddParameter): Name = "SnapEDA_Link"; Value = "https://www.snapeda.com/parts/LM7805/Texas%20Instruments/view-part/?ref=snap"; VariantName = "[No Variations]"
Add component (AddParameter): Name = "Value"; Value = ""; VariantName = "[No Variations]"
Added Component: Designator=Y1(R38)
Add component. Clean all parameters for all variants
Add component (AddParameter): Name = "LatestRevisionDate"; Value = "17-Jul-2002"; VariantName = "[No Variations]"
Add component (AddParameter): Name = "LatestRevisionNote"; Value = "Re-released for DXP Platform."; VariantName = "[No Variations]"
Add component (AddParameter): Name = "PackageDescription"; Value = "Crystal, Thru-Hole; 2 Leads; Body 3.1 x 8.2 mm (Dia.xH)"; VariantName = "[No Variations]"
Add component (AddParameter): Name = "PackageReference"; Value = "R38"; VariantName = "[No Variations]"
Add component (AddParameter): Name = "Published"; Value = "8-Jun-2000"; VariantName = "[No Variations]"
Add component (AddParameter): Name = "Publisher"; Value = "Altium Limited"; VariantName = "[No Variations]"
Added Pin To Net: NetName=A0 Pin=P4-1
Added Pin To Net: NetName=A0 Pin=U1-A3
Added Net: Name=A0
Added Pin To Net: NetName=A1 Pin=P4-2
Added Pin To Net: NetName=A1 Pin=U1-B3
Added Net: Name=A1
Added Pin To Net: NetName=A2 Pin=P4-3
Added Pin To Net: NetName=A2 Pin=U1-A4
Added Net: Name=A2
Added Pin To Net: NetName=A3 Pin=P4-4
Added Pin To Net: NetName=A3 Pin=U1-B4
Added Net: Name=A3
Added Pin To Net: NetName=A4 Pin=P4-5
Added Pin To Net: NetName=A4 Pin=U1-C4
Added Net: Name=A4
Added Pin To Net: NetName=A5 Pin=P4-6
Added Pin To Net: NetName=A5 Pin=U1-A5
Added Net: Name=A5
Added Pin To Net: NetName=A6 Pin=P4-7
Added Pin To Net: NetName=A6 Pin=U1-B5
Added Net: Name=A6
Added Pin To Net: NetName=A7 Pin=P4-8
Added Pin To Net: NetName=A7 Pin=U1-C5
Added Net: Name=A7
Added Pin To Net: NetName=A8 Pin=P5-1
Added Pin To Net: NetName=A8 Pin=U1-A6
Added Net: Name=A8
Added Pin To Net: NetName=A9 Pin=P5-2
Added Pin To Net: NetName=A9 Pin=U1-B6
Added Net: Name=A9
Added Pin To Net: NetName=A10 Pin=P5-3
Added Pin To Net: NetName=A10 Pin=U1-C6
Added Net: Name=A10
Added Pin To Net: NetName=A11 Pin=P5-4
Added Pin To Net: NetName=A11 Pin=U1-A7
Added Net: Name=A11
Added Pin To Net: NetName=A12 Pin=P5-5
Added Pin To Net: NetName=A12 Pin=U1-B7
Added Net: Name=A12
Added Pin To Net: NetName=A13 Pin=P5-6
Added Pin To Net: NetName=A13 Pin=U1-C7
Added Net: Name=A13
Added Pin To Net: NetName=A14 Pin=P5-7
Added Pin To Net: NetName=A14 Pin=U1-A8
Added Net: Name=A14
Added Pin To Net: NetName=A15 Pin=P5-8
Added Pin To Net: NetName=A15 Pin=U1-B8
Added Net: Name=A15
Added Pin To Net: NetName=D0 (RX0) Pin=P2-1
Added Pin To Net: NetName=D0 (RX0) Pin=U1-C2
Added Net: Name=D0 (RX0)
Added Pin To Net: NetName=D1 (TX0) Pin=P2-2
Added Pin To Net: NetName=D1 (TX0) Pin=U1-C3
Added Net: Name=D1 (TX0)
Added Pin To Net: NetName=D2 (PWM) Pin=P2-3
Added Pin To Net: NetName=D2 (PWM) Pin=U1-D2
Added Net: Name=D2 (PWM)
Added Pin To Net: NetName=D3 (PWM) Pin=P2-4
Added Pin To Net: NetName=D3 (PWM) Pin=U1-D3
Added Net: Name=D3 (PWM)
Added Pin To Net: NetName=D4 (PWM) Pin=P2-5
Added Pin To Net: NetName=D4 (PWM) Pin=U1-B2
Added Net: Name=D4 (PWM)
Added Pin To Net: NetName=D5 (PWM) Pin=P2-6
Added Pin To Net: NetName=D5 (PWM) Pin=U1-D1
Added Net: Name=D5 (PWM)
Added Pin To Net: NetName=D6 (PWM) Pin=P2-7
Added Pin To Net: NetName=D6 (PWM) Pin=U1-E4
Added Net: Name=D6 (PWM)
Added Pin To Net: NetName=D7 (PWM) Pin=P2-8
Added Pin To Net: NetName=D7 (PWM) Pin=U1-F2
Added Net: Name=D7 (PWM)
Added Pin To Net: NetName=D8 (PWM) Pin=P6-6
Added Pin To Net: NetName=D8 (PWM) Pin=U1-E5
Added Net: Name=D8 (PWM)
Added Pin To Net: NetName=D9 (PWM) Pin=P6-5
Added Pin To Net: NetName=D9 (PWM) Pin=U1-F3
Added Net: Name=D9 (PWM)
Added Pin To Net: NetName=D10 (PWM) Pin=P6-4
Added Pin To Net: NetName=D10 (PWM) Pin=U1-H2
Added Net: Name=D10 (PWM)
Added Pin To Net: NetName=D11 (PWM) Pin=P6-3
Added Pin To Net: NetName=D11 (PWM) Pin=U1-G4
Added Net: Name=D11 (PWM)
Added Pin To Net: NetName=D12 (PWM) Pin=P6-2
Added Pin To Net: NetName=D12 (PWM) Pin=U1-J3
Added Net: Name=D12 (PWM)
Added Pin To Net: NetName=D13 (PWM) Pin=P6-1
Added Pin To Net: NetName=D13 (PWM) Pin=U1-K1
Added Net: Name=D13 (PWM)
Added Pin To Net: NetName=D14 (TX3) Pin=P3-8
Added Pin To Net: NetName=D14 (TX3) Pin=U1-F7
Added Net: Name=D14 (TX3)
Added Pin To Net: NetName=D15 (RX3) Pin=P3-7
Added Pin To Net: NetName=D15 (RX3) Pin=U1-F8
Added Net: Name=D15 (RX3)
Added Pin To Net: NetName=D16 (TX2) Pin=P3-6
Added Pin To Net: NetName=D16 (TX2) Pin=U1-E3
Added Net: Name=D16 (TX2)
Added Pin To Net: NetName=D17 (RX2) Pin=P3-5
Added Pin To Net: NetName=D17 (RX2) Pin=U1-E2
Added Net: Name=D17 (RX2)
Added Pin To Net: NetName=D18 (TX1) Pin=P3-4
Added Pin To Net: NetName=D18 (TX1) Pin=U1-J7
Added Net: Name=D18 (TX1)
Added Pin To Net: NetName=D19 (RX1) Pin=P3-3
Added Pin To Net: NetName=D19 (RX1) Pin=U1-K7
Added Net: Name=D19 (RX1)
Added Pin To Net: NetName=D20 (SDA) Pin=P3-2
Added Pin To Net: NetName=D20 (SDA) Pin=U1-F6
Added Net: Name=D20 (SDA)
Added Pin To Net: NetName=D21 (SCL) Pin=P3-1
Added Pin To Net: NetName=D21 (SCL) Pin=U1-G6
Added Net: Name=D21 (SCL)
Added Pin To Net: NetName=D22 Pin=P1-3
Added Pin To Net: NetName=D22 Pin=U1-B9
Added Net: Name=D22
Added Pin To Net: NetName=D23 Pin=P1-4
Added Pin To Net: NetName=D23 Pin=U1-C9
Added Net: Name=D23
Added Pin To Net: NetName=D24 Pin=P1-5
Added Pin To Net: NetName=D24 Pin=U1-B10
Added Net: Name=D24
Added Pin To Net: NetName=D25 Pin=P1-6
Added Pin To Net: NetName=D25 Pin=U1-C10
Added Net: Name=D25
Added Pin To Net: NetName=D26 Pin=P1-7
Added Pin To Net: NetName=D26 Pin=U1-D6
Added Net: Name=D26
Added Pin To Net: NetName=D27 Pin=P1-8
Added Pin To Net: NetName=D27 Pin=U1-D7
Added Net: Name=D27
Added Pin To Net: NetName=D28 Pin=P1-9
Added Pin To Net: NetName=D28 Pin=U1-D8
Added Net: Name=D28
Added Pin To Net: NetName=D29 Pin=P1-10
Added Pin To Net: NetName=D29 Pin=U1-D9
Added Net: Name=D29
Added Pin To Net: NetName=D30 Pin=P1-11
Added Pin To Net: NetName=D30 Pin=U1-F9
Added Net: Name=D30
Added Pin To Net: NetName=D31 Pin=P1-12
Added Pin To Net: NetName=D31 Pin=U1-G9
Added Net: Name=D31
Added Pin To Net: NetName=D32 Pin=P1-13
Added Pin To Net: NetName=D32 Pin=U1-G8
Added Net: Name=D32
Added Pin To Net: NetName=D33 Pin=P1-14
Added Pin To Net: NetName=D33 Pin=U1-H8
Added Net: Name=D33
Added Pin To Net: NetName=D34 Pin=P1-15
Added Pin To Net: NetName=D34 Pin=U1-H9
Added Net: Name=D34
Added Pin To Net: NetName=D35 Pin=P1-16
Added Pin To Net: NetName=D35 Pin=U1-H10
Added Net: Name=D35
Added Pin To Net: NetName=D36 Pin=P1-17
Added Pin To Net: NetName=D36 Pin=U1-J8
Added Net: Name=D36
Added Pin To Net: NetName=D37 Pin=P1-18
Added Pin To Net: NetName=D37 Pin=U1-J9
Added Net: Name=D37
Added Pin To Net: NetName=D38 Pin=P1-19
Added Pin To Net: NetName=D38 Pin=U1-K9
Added Net: Name=D38
Added Pin To Net: NetName=D39 Pin=P1-20
Added Pin To Net: NetName=D39 Pin=U1-D10
Added Net: Name=D39
Added Pin To Net: NetName=D40 Pin=P1-21
Added Pin To Net: NetName=D40 Pin=U1-J10
Added Net: Name=D40
Added Pin To Net: NetName=D41 Pin=P1-22
Added Pin To Net: NetName=D41 Pin=U1-K10
Added Net: Name=D41
Added Pin To Net: NetName=D42 Pin=P1-23
Added Pin To Net: NetName=D42 Pin=U1-H6
Added Net: Name=D42
Added Pin To Net: NetName=D43 Pin=P1-24
Added Pin To Net: NetName=D43 Pin=U1-J6
Added Net: Name=D43
Added Pin To Net: NetName=D44 (PWM) Pin=P1-25
Added Pin To Net: NetName=D44 (PWM) Pin=U1-K6
Added Net: Name=D44 (PWM)
Added Pin To Net: NetName=D45 (PWM) Pin=P1-26
Added Pin To Net: NetName=D45 (PWM) Pin=U1-F5
Added Net: Name=D45 (PWM)
Added Pin To Net: NetName=D46 (PWM) Pin=P1-27
Added Pin To Net: NetName=D46 (PWM) Pin=U1-H5
Added Net: Name=D46 (PWM)
Added Pin To Net: NetName=D47 Pin=P1-28
Added Pin To Net: NetName=D47 Pin=U1-G5
Added Net: Name=D47
Added Pin To Net: NetName=D48 Pin=P1-29
Added Pin To Net: NetName=D48 Pin=U1-H4
Added Net: Name=D48
Added Pin To Net: NetName=D49 Pin=P1-30
Added Pin To Net: NetName=D49 Pin=U1-J4
Added Net: Name=D49
Added Pin To Net: NetName=D50 (MISO) Pin=P1-31
Added Pin To Net: NetName=D50 (MISO) Pin=U1-H1
Added Net: Name=D50 (MISO)
Added Pin To Net: NetName=D51 (MOSI) Pin=P1-32
Added Pin To Net: NetName=D51 (MOSI) Pin=U1-G3
Added Net: Name=D51 (MOSI)
Added Pin To Net: NetName=D52 (SCK) Pin=P1-33
Added Pin To Net: NetName=D52 (SCK) Pin=U1-G2
Added Net: Name=D52 (SCK)
Added Pin To Net: NetName=D53 (SS) Pin=P1-34
Added Pin To Net: NetName=D53 (SS) Pin=U1-F4
Added Net: Name=D53 (SS)
Added Pin To Net: NetName=GND Pin=C3-2
Added Pin To Net: NetName=GND Pin=P1-35
Added Pin To Net: NetName=GND Pin=P1-36
Added Pin To Net: NetName=GND Pin=SW1-2
Added Pin To Net: NetName=GND Pin=U1-A1
Added Pin To Net: NetName=GND Pin=U1-A9
Added Pin To Net: NetName=GND Pin=U1-F10
Added Pin To Net: NetName=GND Pin=U1-G1
Added Pin To Net: NetName=GND Pin=U1-K4
Added Pin To Net: NetName=GND Pin=U2-2
Added Net: Name=GND
Added Pin To Net: NetName=NetC1_1 Pin=C1-1
Added Pin To Net: NetName=NetC1_1 Pin=R1-2
Added Net: Name=NetC1_1
Added Pin To Net: NetName=NetC2_1 Pin=C2-1
Added Pin To Net: NetName=NetC2_1 Pin=R1-1
Added Net: Name=NetC2_1
Added Pin To Net: NetName=NetC3_1 Pin=C3-1
Added Pin To Net: NetName=NetC3_1 Pin=R2-1
Added Pin To Net: NetName=NetC3_1 Pin=U2-3
Added Net: Name=NetC3_1
Added Pin To Net: NetName=VCC Pin=P1-1
Added Pin To Net: NetName=VCC Pin=P1-2
Added Pin To Net: NetName=VCC Pin=R2-2
Added Pin To Net: NetName=VCC Pin=SW1-1
Added Pin To Net: NetName=VCC Pin=U1-A2
Added Pin To Net: NetName=VCC Pin=U1-A10
Added Pin To Net: NetName=VCC Pin=U1-B1
Added Pin To Net: NetName=VCC Pin=U1-F1
Added Pin To Net: NetName=VCC Pin=U1-G10
Added Pin To Net: NetName=VCC Pin=U1-H3
Added Pin To Net: NetName=VCC Pin=U1-K3
Added Pin To Net: NetName=VCC Pin=U2-1
Added Net: Name=VCC
Added Pin To Net: NetName=XTAL1 Pin=C1-2
Added Pin To Net: NetName=XTAL1 Pin=U1-K5
Added Pin To Net: NetName=XTAL1 Pin=Y1-1
Added Net: Name=XTAL1
Added Pin To Net: NetName=XTAL2 Pin=C2-2
Added Pin To Net: NetName=XTAL2 Pin=U1-J5
Added Pin To Net: NetName=XTAL2 Pin=Y1-2
Added Net: Name=XTAL2
Added Class: Name=Sheet1
Added Room: Name=Sheet1
