Added Component: Designator=AI1(HDR1X8)
Add component. Clean all parameters for all variants
Add component (AddParameter): Name = "LatestRevisionDate"; Value = "17-Jul-2002"; VariantName = "[No Variations]"
Add component (AddParameter): Name = "LatestRevisionNote"; Value = "Re-released for DXP Platform."; VariantName = "[No Variations]"
Add component (AddParameter): Name = "Publisher"; Value = "Altium Limited"; VariantName = "[No Variations]"
Added Component: Designator=AI2(HDR1X8)
Add component. Clean all parameters for all variants
Add component (AddParameter): Name = "LatestRevisionDate"; Value = "17-Jul-2002"; VariantName = "[No Variations]"
Add component (AddParameter): Name = "LatestRevisionNote"; Value = "Re-released for DXP Platform."; VariantName = "[No Variations]"
Add component (AddParameter): Name = "Publisher"; Value = "Altium Limited"; VariantName = "[No Variations]"
Added Component: Designator=C1(CAP-ALU-SMD-4.5x5x1.4)
Add component. Clean all parameters for all variants
Add component (AddParameter): Name = "LatestRevisionDate"; Value = "17-Jul-2002"; VariantName = "[No Variations]"
Add component (AddParameter): Name = "LatestRevisionNote"; Value = "Re-released for DXP Platform."; VariantName = "[No Variations]"
Add component (AddParameter): Name = "PackageReference"; Value = "POLAR0.8"; VariantName = "[No Variations]"
Add component (AddParameter): Name = "Published"; Value = "8-Jun-2000"; VariantName = "[No Variations]"
Add component (AddParameter): Name = "Publisher"; Value = "Altium Limited"; VariantName = "[No Variations]"
Added Component: Designator=Communication1(HDR1X8)
Add component. Clean all parameters for all variants
Add component (AddParameter): Name = "LatestRevisionDate"; Value = "17-Jul-2002"; VariantName = "[No Variations]"
Add component (AddParameter): Name = "LatestRevisionNote"; Value = "Re-released for DXP Platform."; VariantName = "[No Variations]"
Add component (AddParameter): Name = "Publisher"; Value = "Altium Limited"; VariantName = "[No Variations]"
Added Component: Designator=Cx1(CN-SMD-1206)
Add component. Clean all parameters for all variants
Add component (AddParameter): Name = "Value"; Value = "22pF"; VariantName = "[No Variations]"
Added Component: Designator=Cx2(CN-SMD-1206)
Add component. Clean all parameters for all variants
Add component (AddParameter): Name = "Value"; Value = "33pF"; VariantName = "[No Variations]"
Added Component: Designator=Cx3(CN-SMD-1206)
Add component. Clean all parameters for all variants
Add component (AddParameter): Name = "Value"; Value = "22pF"; VariantName = "[No Variations]"
Added Component: Designator=P1(HDR2X18)
Add component. Clean all parameters for all variants
Add component (AddParameter): Name = "LatestRevisionDate"; Value = "17-Jul-2002"; VariantName = "[No Variations]"
Add component (AddParameter): Name = "LatestRevisionNote"; Value = "Re-released for DXP Platform."; VariantName = "[No Variations]"
Add component (AddParameter): Name = "Publisher"; Value = "Altium Limited"; VariantName = "[No Variations]"
Added Component: Designator=P2(HDR1X6)
Add component. Clean all parameters for all variants
Add component (AddParameter): Name = "LatestRevisionDate"; Value = "17-Jul-2002"; VariantName = "[No Variations]"
Add component (AddParameter): Name = "LatestRevisionNote"; Value = "Re-released for DXP Platform."; VariantName = "[No Variations]"
Add component (AddParameter): Name = "Publisher"; Value = "Altium Limited"; VariantName = "[No Variations]"
Added Component: Designator=PWM1(HDR1X8)
Add component. Clean all parameters for all variants
Add component (AddParameter): Name = "LatestRevisionDate"; Value = "17-Jul-2002"; VariantName = "[No Variations]"
Add component (AddParameter): Name = "LatestRevisionNote"; Value = "Re-released for DXP Platform."; VariantName = "[No Variations]"
Add component (AddParameter): Name = "Publisher"; Value = "Altium Limited"; VariantName = "[No Variations]"
Added Component: Designator=R1(RES-SMD-1206)
Add component. Clean all parameters for all variants
Add component (AddParameter): Name = "Class"; Value = "Passive"; VariantName = "[No Variations]"
Add component (AddParameter): Name = "Manufacturer"; Value = "Generic Components"; VariantName = "[No Variations]"
Add component (AddParameter): Name = "Published"; Value = "08/06/2000"; VariantName = "[No Variations]"
Add component (AddParameter): Name = "Publisher"; Value = "Altium Hobart Technology Centre"; VariantName = "[No Variations]"
Add component (AddParameter): Name = "Value"; Value = "1K"; VariantName = "[No Variations]"
Added Component: Designator=R2(RES-SMD-1206)
Add component. Clean all parameters for all variants
Add component (AddParameter): Name = "Class"; Value = "Passive"; VariantName = "[No Variations]"
Add component (AddParameter): Name = "Manufacturer"; Value = "Generic Components"; VariantName = "[No Variations]"
Add component (AddParameter): Name = "Published"; Value = "08/06/2000"; VariantName = "[No Variations]"
Add component (AddParameter): Name = "Publisher"; Value = "Altium Hobart Technology Centre"; VariantName = "[No Variations]"
Added Component: Designator=SW1(SW2-DIP)
Add component. Clean all parameters for all variants
Add component (AddParameter): Name = "Value"; Value = "Button chip 4 pin"; VariantName = "[No Variations]"
Added Component: Designator=U1(TQFP100L)
Add component. Clean all parameters for all variants
Add component (AddParameter): Name = "Supplier 1"; Value = "Digi-Key"; VariantName = "[No Variations]"
Add component (AddParameter): Name = "Supplier Part Number 1"; Value = "ATMEGA2560-16AUR-ND"; VariantName = "[No Variations]"
Added Component: Designator=U2(*TO220)
Add component. Clean all parameters for all variants
Add component (AddParameter): Name = "Availability"; Value = "Unavailable"; VariantName = "[No Variations]"
Add component (AddParameter): Name = "MF"; Value = "Texas Instruments"; VariantName = "[No Variations]"
Add component (AddParameter): Name = "MP"; Value = "LM7805"; VariantName = "[No Variations]"
Add component (AddParameter): Name = "Package"; Value = "TO-220 Texas Instruments"; VariantName = "[No Variations]"
Add component (AddParameter): Name = "Price"; Value = "None"; VariantName = "[No Variations]"
Add component (AddParameter): Name = "SnapEDA_Link"; Value = "https://www.snapeda.com/parts/LM7805/Texas%20Instruments/view-part/?ref=snap"; VariantName = "[No Variations]"
Add component (AddParameter): Name = "Value"; Value = ""; VariantName = "[No Variations]"
Added Component: Designator=X1(XT2)
Add component. Clean all parameters for all variants
Add component (AddParameter): Name = "Value"; Value = "4Mhz"; VariantName = "[No Variations]"
Added Pin To Net: NetName=A0 Pin=AI1-1
Added Pin To Net: NetName=A1 Pin=AI1-2
Added Pin To Net: NetName=A2 Pin=AI1-3
Added Pin To Net: NetName=A3 Pin=AI1-4
Added Pin To Net: NetName=A4 Pin=AI1-5
Added Pin To Net: NetName=A5 Pin=AI1-6
Added Pin To Net: NetName=A6 Pin=AI1-7
Added Pin To Net: NetName=A7 Pin=AI1-8
Added Pin To Net: NetName=A8 Pin=AI2-1
Added Pin To Net: NetName=A9 Pin=AI2-2
Added Pin To Net: NetName=A10 Pin=AI2-3
Added Pin To Net: NetName=A11 Pin=AI2-4
Added Pin To Net: NetName=A12 Pin=AI2-5
Added Pin To Net: NetName=A13 Pin=AI2-6
Added Pin To Net: NetName=A14 Pin=AI2-7
Added Pin To Net: NetName=A15 Pin=AI2-8
Added Pin To Net: NetName=NetC1_1 Pin=C1-1
Added Pin To Net: NetName=GND Pin=C1-2
Added Pin To Net: NetName=D21 (SCL) Pin=Communication1-1
Added Pin To Net: NetName=D20 (SDA) Pin=Communication1-2
Added Pin To Net: NetName=D19 (RX1) Pin=Communication1-3
Added Pin To Net: NetName=D18 (TX1) Pin=Communication1-4
Added Pin To Net: NetName=D17 (RX2) Pin=Communication1-5
Added Pin To Net: NetName=D16 (TX2) Pin=Communication1-6
Added Pin To Net: NetName=D15 (RX3) Pin=Communication1-7
Added Pin To Net: NetName=D14 (TX3) Pin=Communication1-8
Added Pin To Net: NetName=NetCx1_1 Pin=Cx1-1
Added Pin To Net: NetName=XTAL1 Pin=Cx1-2
Added Pin To Net: NetName=NetCx2_1 Pin=Cx2-1
Added Pin To Net: NetName=GND Pin=Cx2-2
Added Pin To Net: NetName=NetCx3_1 Pin=Cx3-1
Added Pin To Net: NetName=XTAL2 Pin=Cx3-2
Added Pin To Net: NetName=VCC Pin=P1-1
Added Pin To Net: NetName=VCC Pin=P1-2
Added Pin To Net: NetName=D22 Pin=P1-3
Added Pin To Net: NetName=D23 Pin=P1-4
Added Pin To Net: NetName=D24 Pin=P1-5
Added Pin To Net: NetName=D25 Pin=P1-6
Added Pin To Net: NetName=D26 Pin=P1-7
Added Pin To Net: NetName=D27 Pin=P1-8
Added Pin To Net: NetName=D28 Pin=P1-9
Added Pin To Net: NetName=D29 Pin=P1-10
Added Pin To Net: NetName=D30 Pin=P1-11
Added Pin To Net: NetName=D31 Pin=P1-12
Added Pin To Net: NetName=D32 Pin=P1-13
Added Pin To Net: NetName=D33 Pin=P1-14
Added Pin To Net: NetName=D34 Pin=P1-15
Added Pin To Net: NetName=D35 Pin=P1-16
Added Pin To Net: NetName=D36 Pin=P1-17
Added Pin To Net: NetName=D37 Pin=P1-18
Added Pin To Net: NetName=D38 Pin=P1-19
Added Pin To Net: NetName=D39 Pin=P1-20
Added Pin To Net: NetName=D40 Pin=P1-21
Added Pin To Net: NetName=D41 Pin=P1-22
Added Pin To Net: NetName=D42 Pin=P1-23
Added Pin To Net: NetName=D43 Pin=P1-24
Added Pin To Net: NetName=D44 (PWM) Pin=P1-25
Added Pin To Net: NetName=D45 (PWM) Pin=P1-26
Added Pin To Net: NetName=D46 (PWM) Pin=P1-27
Added Pin To Net: NetName=D47 Pin=P1-28
Added Pin To Net: NetName=D48 Pin=P1-29
Added Pin To Net: NetName=D49 Pin=P1-30
Added Pin To Net: NetName=D50 (MISO) Pin=P1-31
Added Pin To Net: NetName=D51 (MOSI) Pin=P1-32
Added Pin To Net: NetName=D52 (SCK) Pin=P1-33
Added Pin To Net: NetName=D53 (SS) Pin=P1-34
Added Pin To Net: NetName=GND Pin=P1-35
Added Pin To Net: NetName=GND Pin=P1-36
Added Pin To Net: NetName=D13 (PWM) Pin=P2-1
Added Pin To Net: NetName=D12 (PWM) Pin=P2-2
Added Pin To Net: NetName=D11 (PWM) Pin=P2-3
Added Pin To Net: NetName=D10 (PWM) Pin=P2-4
Added Pin To Net: NetName=D9 (PWM) Pin=P2-5
Added Pin To Net: NetName=D8 (PWM) Pin=P2-6
Added Pin To Net: NetName=D0 (RX0) Pin=PWM1-1
Added Pin To Net: NetName=D1 (TX0) Pin=PWM1-2
Added Pin To Net: NetName=D2 (PWM) Pin=PWM1-3
Added Pin To Net: NetName=D3 (PWM) Pin=PWM1-4
Added Pin To Net: NetName=D4 (PWM) Pin=PWM1-5
Added Pin To Net: NetName=D5 (PWM) Pin=PWM1-6
Added Pin To Net: NetName=D6 (PWM) Pin=PWM1-7
Added Pin To Net: NetName=D7 (PWM) Pin=PWM1-8
Added Pin To Net: NetName=NetCx1_1 Pin=R1-1
Added Pin To Net: NetName=NetCx3_1 Pin=R1-2
Added Pin To Net: NetName=VCC Pin=R2-1
Added Pin To Net: NetName=NetC1_1 Pin=R2-2
Added Pin To Net: NetName=VCC Pin=SW1-1
Added Pin To Net: NetName=GND Pin=SW1-2
Added Pin To Net: NetName=D4 (PWM) Pin=U1-1
Added Pin To Net: NetName=D0 (RX0) Pin=U1-2
Added Pin To Net: NetName=D1 (TX0) Pin=U1-3
Added Pin To Net: NetName=D5 (PWM) Pin=U1-5
Added Pin To Net: NetName=D2 (PWM) Pin=U1-6
Added Pin To Net: NetName=D3 (PWM) Pin=U1-7
Added Pin To Net: NetName=VCC Pin=U1-10
Added Pin To Net: NetName=GND Pin=U1-11
Added Pin To Net: NetName=D17 (RX2) Pin=U1-12
Added Pin To Net: NetName=D16 (TX2) Pin=U1-13
Added Pin To Net: NetName=D6 (PWM) Pin=U1-15
Added Pin To Net: NetName=D7 (PWM) Pin=U1-16
Added Pin To Net: NetName=D8 (PWM) Pin=U1-17
Added Pin To Net: NetName=D9 (PWM) Pin=U1-18
Added Pin To Net: NetName=D53 (SS) Pin=U1-19
Added Pin To Net: NetName=D52 (SCK) Pin=U1-20
Added Pin To Net: NetName=D51 (MOSI) Pin=U1-21
Added Pin To Net: NetName=D50 (MISO) Pin=U1-22
Added Pin To Net: NetName=D10 (PWM) Pin=U1-23
Added Pin To Net: NetName=D11 (PWM) Pin=U1-24
Added Pin To Net: NetName=D12 (PWM) Pin=U1-25
Added Pin To Net: NetName=D13 (PWM) Pin=U1-26
Added Pin To Net: NetName=D13 (PWM) Pin=U1-27
Added Pin To Net: NetName=VCC Pin=U1-30
Added Pin To Net: NetName=VCC Pin=U1-31
Added Pin To Net: NetName=GND Pin=U1-32
Added Pin To Net: NetName=XTAL2 Pin=U1-33
Added Pin To Net: NetName=XTAL1 Pin=U1-34
Added Pin To Net: NetName=D49 Pin=U1-35
Added Pin To Net: NetName=D48 Pin=U1-36
Added Pin To Net: NetName=D47 Pin=U1-37
Added Pin To Net: NetName=D46 (PWM) Pin=U1-38
Added Pin To Net: NetName=D45 (PWM) Pin=U1-39
Added Pin To Net: NetName=D44 (PWM) Pin=U1-40
Added Pin To Net: NetName=D43 Pin=U1-41
Added Pin To Net: NetName=D42 Pin=U1-42
Added Pin To Net: NetName=D21 (SCL) Pin=U1-43
Added Pin To Net: NetName=D20 (SDA) Pin=U1-44
Added Pin To Net: NetName=D19 (RX1) Pin=U1-45
Added Pin To Net: NetName=D18 (TX1) Pin=U1-46
Added Pin To Net: NetName=D38 Pin=U1-50
Added Pin To Net: NetName=D41 Pin=U1-51
Added Pin To Net: NetName=D40 Pin=U1-52
Added Pin To Net: NetName=D37 Pin=U1-53
Added Pin To Net: NetName=D36 Pin=U1-54
Added Pin To Net: NetName=D35 Pin=U1-55
Added Pin To Net: NetName=D34 Pin=U1-56
Added Pin To Net: NetName=D33 Pin=U1-57
Added Pin To Net: NetName=D32 Pin=U1-58
Added Pin To Net: NetName=D31 Pin=U1-59
Added Pin To Net: NetName=D30 Pin=U1-60
Added Pin To Net: NetName=VCC Pin=U1-61
Added Pin To Net: NetName=GND Pin=U1-62
Added Pin To Net: NetName=D15 (RX3) Pin=U1-63
Added Pin To Net: NetName=D14 (TX3) Pin=U1-64
Added Pin To Net: NetName=D39 Pin=U1-70
Added Pin To Net: NetName=D29 Pin=U1-71
Added Pin To Net: NetName=D28 Pin=U1-72
Added Pin To Net: NetName=D27 Pin=U1-73
Added Pin To Net: NetName=D26 Pin=U1-74
Added Pin To Net: NetName=D25 Pin=U1-75
Added Pin To Net: NetName=D24 Pin=U1-76
Added Pin To Net: NetName=D23 Pin=U1-77
Added Pin To Net: NetName=D22 Pin=U1-78
Added Pin To Net: NetName=VCC Pin=U1-80
Added Pin To Net: NetName=GND Pin=U1-81
Added Pin To Net: NetName=A15 Pin=U1-82
Added Pin To Net: NetName=A14 Pin=U1-83
Added Pin To Net: NetName=A13 Pin=U1-84
Added Pin To Net: NetName=A12 Pin=U1-85
Added Pin To Net: NetName=A11 Pin=U1-86
Added Pin To Net: NetName=A10 Pin=U1-87
Added Pin To Net: NetName=A9 Pin=U1-88
Added Pin To Net: NetName=A8 Pin=U1-89
Added Pin To Net: NetName=A7 Pin=U1-90
Added Pin To Net: NetName=A6 Pin=U1-91
Added Pin To Net: NetName=A5 Pin=U1-92
Added Pin To Net: NetName=A4 Pin=U1-93
Added Pin To Net: NetName=A3 Pin=U1-94
Added Pin To Net: NetName=A2 Pin=U1-95
Added Pin To Net: NetName=A1 Pin=U1-96
Added Pin To Net: NetName=A0 Pin=U1-97
Added Pin To Net: NetName=NetCx2_1 Pin=U1-98
Added Pin To Net: NetName=GND Pin=U1-99
Added Pin To Net: NetName=VCC Pin=U1-100
Added Pin To Net: NetName=VCC Pin=U2-1
Added Pin To Net: NetName=GND Pin=U2-2
Added Pin To Net: NetName=NetC1_1 Pin=U2-3
Added Pin To Net: NetName=XTAL2 Pin=X1-1
Added Pin To Net: NetName=XTAL1 Pin=X1-2
Added Member To Class: ClassName=Sheet1 Member=Component AI1 Header 8
Added Member To Class: ClassName=Sheet1 Member=Component AI2 Header 8
Added Member To Class: ClassName=Sheet1 Member=Component C1 CN-ALU-SMD
Added Member To Class: ClassName=Sheet1 Member=Component Communication1 Header 8
Added Member To Class: ClassName=Sheet1 Member=Component Cx1 XXpF
Added Member To Class: ClassName=Sheet1 Member=Component Cx2 XXpF
Added Member To Class: ClassName=Sheet1 Member=Component Cx3 XXpF
Added Member To Class: ClassName=Sheet1 Member=Component P1 Header 18X2
Added Member To Class: ClassName=Sheet1 Member=Component P2 Header 6
Added Member To Class: ClassName=Sheet1 Member=Component PWM1 Header 8
Added Member To Class: ClassName=Sheet1 Member=Component R1 Res
Added Member To Class: ClassName=Sheet1 Member=Component R2 Res
Added Member To Class: ClassName=Sheet1 Member=Component SW1 SW
Added Member To Class: ClassName=Sheet1 Member=Component U1 ATmega2560-AU
Added Member To Class: ClassName=Sheet1 Member=Component U2 LM7805
Added Member To Class: ClassName=Sheet1 Member=Component X1 12Mhz
Added Room: Name=Sheet1
